<?xml version="1.0" encoding="UTF-8"?>
<!-- Generated by org.testng.reporters.JUnitReportReporter -->
<testsuite hostname="Khois-iMac.local" name="tests.bvt.NewTest" tests="2" failures="0" timestamp="14 Nov 2018 03:48:34 GMT" time="0.013" errors="0">
  <testcase name="f" time="0.003" classname="tests.bvt.NewTest"/>
  <testcase name="f" time="0.010" classname="tests.bvt.NewTest"/>
</testsuite> <!-- tests.bvt.NewTest -->
