<?xml version="1.0" encoding="UTF-8"?>
<!-- Generated by org.testng.reporters.JUnitReportReporter -->
<testsuite hostname="Khois-iMac.local" name="tests.bvt.SM01" tests="2" failures="0" timestamp="14 Nov 2018 05:52:49 GMT" time="0.009" errors="0">
  <testcase name="verify_user_can_login_successfully_with_correct_info" time="0.003" classname="tests.bvt.SM01"/>
  <testcase name="verify_user_can_login_successfully_with_correct_info" time="0.006" classname="tests.bvt.SM01"/>
</testsuite> <!-- tests.bvt.SM01 -->
