<?xml version="1.0" encoding="UTF-8"?>
<!-- Generated by org.testng.reporters.JUnitReportReporter -->
<testsuite hostname="Khois-iMac.local" name="tests.bvt.SM01_Authentication" tests="1" failures="0" timestamp="15 Nov 2018 10:44:20 GMT" time="14.020" errors="0">
  <testcase name="verify_user_can_login_successfully_with_correct_info" time="14.020" classname="tests.bvt.SM01_Authentication"/>
</testsuite> <!-- tests.bvt.SM01_Authentication -->
